Mar 24, 2023 2:31:54 PM org.apache.coyote.AbstractProtocol init
INFO: Initializing ProtocolHandler ["http-nio-5000"]
Mar 24, 2023 2:31:54 PM org.apache.tomcat.util.net.NioSelectorPool getSharedSelector
INFO: Using a shared selector for servlet write/read
Mar 24, 2023 2:31:54 PM org.apache.catalina.core.StandardService startInternal
INFO: Starting service [Tomcat]
Mar 24, 2023 2:31:54 PM org.apache.catalina.core.StandardEngine startInternal
INFO: Starting Servlet engine: [Apache Tomcat/8.5.69]
Mar 24, 2023 2:31:54 PM org.apache.coyote.AbstractProtocol start
INFO: Starting ProtocolHandler ["http-nio-5000"]
Mar 24, 2023 2:50:08 PM org.apache.coyote.AbstractProtocol init
INFO: Initializing ProtocolHandler ["http-nio-5000"]
Mar 24, 2023 2:50:08 PM org.apache.tomcat.util.net.NioSelectorPool getSharedSelector
INFO: Using a shared selector for servlet write/read
Mar 24, 2023 2:50:08 PM org.apache.catalina.core.StandardService startInternal
INFO: Starting service [Tomcat]
Mar 24, 2023 2:50:08 PM org.apache.catalina.core.StandardEngine startInternal
INFO: Starting Servlet engine: [Apache Tomcat/8.5.69]
Mar 24, 2023 2:50:08 PM org.apache.coyote.AbstractProtocol start
INFO: Starting ProtocolHandler ["http-nio-5000"]
Mar 24, 2023 2:51:45 PM org.apache.catalina.core.StandardWrapperValve invoke
SEVERE: Servlet.service() for servlet [UsersServlet] in context with path [] threw exception
org.thymeleaf.exceptions.TemplateInputException: An error happened during template parsing (template: "/WEB-INF/templates/users/new.html" - line 14, col 7)
	at org.thymeleaf.templateparser.markup.AbstractMarkupTemplateParser.parse(AbstractMarkupTemplateParser.java:239)
	at org.thymeleaf.templateparser.markup.AbstractMarkupTemplateParser.parseStandalone(AbstractMarkupTemplateParser.java:100)
	at org.thymeleaf.engine.TemplateManager.parseAndProcess(TemplateManager.java:649)
	at org.thymeleaf.TemplateEngine.process(TemplateEngine.java:1098)
	at org.thymeleaf.TemplateEngine.process(TemplateEngine.java:1067)
	at exercise.TemplateEngineUtil.render(TemplateEngineUtil.java:32)
	at exercise.servlet.UsersServlet.newUser(UsersServlet.java:92)
	at exercise.servlet.UsersServlet.doGet(UsersServlet.java:52)
	at javax.servlet.http.HttpServlet.service(HttpServlet.java:655)
	at javax.servlet.http.HttpServlet.service(HttpServlet.java:764)
	at org.apache.catalina.core.ApplicationFilterChain.internalDoFilter(ApplicationFilterChain.java:232)
	at org.apache.catalina.core.ApplicationFilterChain.doFilter(ApplicationFilterChain.java:167)
	at org.apache.catalina.core.StandardWrapperValve.invoke(StandardWrapperValve.java:202)
	at org.apache.catalina.core.StandardContextValve.invoke(StandardContextValve.java:97)
	at org.apache.catalina.authenticator.AuthenticatorBase.invoke(AuthenticatorBase.java:544)
	at org.apache.catalina.core.StandardHostValve.invoke(StandardHostValve.java:143)
	at org.apache.catalina.valves.ErrorReportValve.invoke(ErrorReportValve.java:81)
	at org.apache.catalina.core.StandardEngineValve.invoke(StandardEngineValve.java:78)
	at org.apache.catalina.connector.CoyoteAdapter.service(CoyoteAdapter.java:364)
	at org.apache.coyote.http11.Http11Processor.service(Http11Processor.java:624)
	at org.apache.coyote.AbstractProcessorLight.process(AbstractProcessorLight.java:65)
	at org.apache.coyote.AbstractProtocol$ConnectionHandler.process(AbstractProtocol.java:831)
	at org.apache.tomcat.util.net.NioEndpoint$SocketProcessor.doRun(NioEndpoint.java:1651)
	at org.apache.tomcat.util.net.SocketProcessorBase.run(SocketProcessorBase.java:49)
	at java.base/java.util.concurrent.ThreadPoolExecutor.runWorker(ThreadPoolExecutor.java:1136)
	at java.base/java.util.concurrent.ThreadPoolExecutor$Worker.run(ThreadPoolExecutor.java:635)
	at org.apache.tomcat.util.threads.TaskThread$WrappingRunnable.run(TaskThread.java:61)
	at java.base/java.lang.Thread.run(Thread.java:833)
Caused by: org.attoparser.ParseException: (Line = 14, Column = 7) Incomplete structure: "<input class="form-control" type="text" name="firstName" th:value="*{firstName}'>
    </div>
    <div class="mb-3">
      <label>Фамилия</label>
      <input class="form-control" type="text" name="lastName" th:value="*{lastName}'>
    </div>
    <div class="mb-3">
      <label>Email</label>
      <input class="form-control" type="email" name="email">
    </div>
    <button class="btn btn-primary" type="submit">Создать</button>
  </form>
  <!-- END -->
</section>
"
	at org.attoparser.MarkupParser.parseDocument(MarkupParser.java:366)
	at org.attoparser.MarkupParser.parse(MarkupParser.java:257)
	at org.thymeleaf.templateparser.markup.AbstractMarkupTemplateParser.parse(AbstractMarkupTemplateParser.java:230)
	... 27 more

Mar 24, 2023 2:51:47 PM org.apache.catalina.core.StandardWrapperValve invoke
SEVERE: Servlet.service() for servlet [UsersServlet] in context with path [] threw exception
org.thymeleaf.exceptions.TemplateInputException: An error happened during template parsing (template: "/WEB-INF/templates/users/new.html" - line 14, col 7)
	at org.thymeleaf.templateparser.markup.AbstractMarkupTemplateParser.parse(AbstractMarkupTemplateParser.java:239)
	at org.thymeleaf.templateparser.markup.AbstractMarkupTemplateParser.parseStandalone(AbstractMarkupTemplateParser.java:100)
	at org.thymeleaf.engine.TemplateManager.parseAndProcess(TemplateManager.java:649)
	at org.thymeleaf.TemplateEngine.process(TemplateEngine.java:1098)
	at org.thymeleaf.TemplateEngine.process(TemplateEngine.java:1067)
	at exercise.TemplateEngineUtil.render(TemplateEngineUtil.java:32)
	at exercise.servlet.UsersServlet.newUser(UsersServlet.java:92)
	at exercise.servlet.UsersServlet.doGet(UsersServlet.java:52)
	at javax.servlet.http.HttpServlet.service(HttpServlet.java:655)
	at javax.servlet.http.HttpServlet.service(HttpServlet.java:764)
	at org.apache.catalina.core.ApplicationFilterChain.internalDoFilter(ApplicationFilterChain.java:232)
	at org.apache.catalina.core.ApplicationFilterChain.doFilter(ApplicationFilterChain.java:167)
	at org.apache.catalina.core.StandardWrapperValve.invoke(StandardWrapperValve.java:202)
	at org.apache.catalina.core.StandardContextValve.invoke(StandardContextValve.java:97)
	at org.apache.catalina.authenticator.AuthenticatorBase.invoke(AuthenticatorBase.java:544)
	at org.apache.catalina.core.StandardHostValve.invoke(StandardHostValve.java:143)
	at org.apache.catalina.valves.ErrorReportValve.invoke(ErrorReportValve.java:81)
	at org.apache.catalina.core.StandardEngineValve.invoke(StandardEngineValve.java:78)
	at org.apache.catalina.connector.CoyoteAdapter.service(CoyoteAdapter.java:364)
	at org.apache.coyote.http11.Http11Processor.service(Http11Processor.java:624)
	at org.apache.coyote.AbstractProcessorLight.process(AbstractProcessorLight.java:65)
	at org.apache.coyote.AbstractProtocol$ConnectionHandler.process(AbstractProtocol.java:831)
	at org.apache.tomcat.util.net.NioEndpoint$SocketProcessor.doRun(NioEndpoint.java:1651)
	at org.apache.tomcat.util.net.SocketProcessorBase.run(SocketProcessorBase.java:49)
	at java.base/java.util.concurrent.ThreadPoolExecutor.runWorker(ThreadPoolExecutor.java:1136)
	at java.base/java.util.concurrent.ThreadPoolExecutor$Worker.run(ThreadPoolExecutor.java:635)
	at org.apache.tomcat.util.threads.TaskThread$WrappingRunnable.run(TaskThread.java:61)
	at java.base/java.lang.Thread.run(Thread.java:833)
Caused by: org.attoparser.ParseException: (Line = 14, Column = 7) Incomplete structure: "<input class="form-control" type="text" name="firstName" th:value="*{firstName}'>
    </div>
    <div class="mb-3">
      <label>Фамилия</label>
      <input class="form-control" type="text" name="lastName" th:value="*{lastName}'>
    </div>
    <div class="mb-3">
      <label>Email</label>
      <input class="form-control" type="email" name="email">
    </div>
    <button class="btn btn-primary" type="submit">Создать</button>
  </form>
  <!-- END -->
</section>
"
	at org.attoparser.MarkupParser.parseDocument(MarkupParser.java:366)
	at org.attoparser.MarkupParser.parse(MarkupParser.java:257)
	at org.thymeleaf.templateparser.markup.AbstractMarkupTemplateParser.parse(AbstractMarkupTemplateParser.java:230)
	... 27 more

Mar 24, 2023 3:03:05 PM org.apache.coyote.AbstractProtocol init
INFO: Initializing ProtocolHandler ["http-nio-5000"]
Mar 24, 2023 3:03:05 PM org.apache.tomcat.util.net.NioSelectorPool getSharedSelector
INFO: Using a shared selector for servlet write/read
Mar 24, 2023 3:03:05 PM org.apache.catalina.core.StandardService startInternal
INFO: Starting service [Tomcat]
Mar 24, 2023 3:03:05 PM org.apache.catalina.core.StandardEngine startInternal
INFO: Starting Servlet engine: [Apache Tomcat/8.5.69]
Mar 24, 2023 3:03:05 PM org.apache.coyote.AbstractProtocol start
INFO: Starting ProtocolHandler ["http-nio-5000"]
Mar 24, 2023 3:03:48 PM exercise.servlet.SessionServlet login
INFO: Пользователь ahmedzyanov.r.1997@gmail.com загружен
Mar 24, 2023 3:25:05 PM org.apache.coyote.AbstractProtocol init
INFO: Initializing ProtocolHandler ["http-nio-5000"]
Mar 24, 2023 3:25:05 PM org.apache.tomcat.util.net.NioSelectorPool getSharedSelector
INFO: Using a shared selector for servlet write/read
Mar 24, 2023 3:25:05 PM org.apache.catalina.core.StandardService startInternal
INFO: Starting service [Tomcat]
Mar 24, 2023 3:25:05 PM org.apache.catalina.core.StandardEngine startInternal
INFO: Starting Servlet engine: [Apache Tomcat/8.5.69]
Mar 24, 2023 3:25:05 PM org.apache.coyote.AbstractProtocol start
INFO: Starting ProtocolHandler ["http-nio-5000"]
